Log file open, 04/06/15 16:19:00
LogInit:Display: Running engine for game: HelloVR_KimSHuangW
LogInit: Version: 4.7.4-2497108+++depot+UE4-Releases+4.7
LogInit: API Version: 2455222
LogInit: Compiled (64-bit): Mar 31 2015 09:40:25
LogInit: Compiled with Visual C++: 18.00.21005.01
LogInit: Build Configuration: Development
LogInit: Branch Name: ++depot+UE4-Releases+4.7
LogInit: Command line:  
LogInit: Base directory: C:/Program Files/Epic Games/4.7/Engine/Binaries/Win64/
LogInit: Rocket: 1
[2015.04.06-23.19.00:290][  0]LogTaskGraph: Started task graph with 3 named threads and 8 total threads.
[2015.04.06-23.19.00:371][  0]LogOnline:Warning: No default platform service specified for OnlineSubsystem
[2015.04.06-23.19.00:390][  0]LogInit: Presizing for 0 objects not considered by GC, pre-allocating 0 bytes.
[2015.04.06-23.19.00:399][  0]LogInit: Object subsystem initialized
[2015.04.06-23.19.00:401][  0]LogConsoleResponse:Warning: Skipping Unknown console variable: 'TranslucentSortAxis = (X=0.000000,Y=-1.000000,Z=0.000000)'
[2015.04.06-23.19.00:401][  0]LogConsoleResponse:Warning:   Found in ini file 'D:/Unreal Projects/HelloVR_KimSHuangW/Saved/Config/Windows/Engine.ini', in section '[/Script/Engine.RendererSettings]'
[2015.04.06-23.19.00:401][  0]LogConsoleResponse:Warning: Skipping Unknown console variable: 'UIScaleRule = ShortestSide'
[2015.04.06-23.19.00:401][  0]LogConsoleResponse:Warning:   Found in ini file 'D:/Unreal Projects/HelloVR_KimSHuangW/Saved/Config/Windows/Engine.ini', in section '[/Script/Engine.RendererSettings]'
[2015.04.06-23.19.00:401][  0]LogConsoleResponse:Warning: Skipping Unknown console variable: 'UIScaleCurve = (EditorCurveData=(Keys=),ExternalCurve=None)'
[2015.04.06-23.19.00:401][  0]LogConsoleResponse:Warning:   Found in ini file 'D:/Unreal Projects/HelloVR_KimSHuangW/Saved/Config/Windows/Engine.ini', in section '[/Script/Engine.RendererSettings]'
[2015.04.06-23.19.00:401][  0]LogInit: Selected Device Profile: [Windows]
[2015.04.06-23.19.00:401][  0]LogInit: Applying CVar settings loaded from the selected device profile: [Windows]
[2015.04.06-23.19.00:409][  0]LogInit: Computer: CS210-WS-02
[2015.04.06-23.19.00:409][  0]LogInit: User: CS210
[2015.04.06-23.19.00:409][  0]LogInit: CPU Page size=4096, Cores=6
[2015.04.06-23.19.00:409][  0]LogInit: High frequency timer resolution =3.215263 MHz
[2015.04.06-23.19.00:410][  0]LogMemory: Memory total: Physical=15.9GB (16GB approx) Virtual=8192.0GB
[2015.04.06-23.19.00:410][  0]LogMemory: Platform Memory Stats for Windows
[2015.04.06-23.19.00:410][  0]LogMemory: Process Physical Memory: 48.96 MB used, 48.96 MB peak
[2015.04.06-23.19.00:410][  0]LogMemory: Process Virtual Memory: 25.51 MB used, 25.51 MB peak
[2015.04.06-23.19.00:410][  0]LogMemory: Physical Memory: 3219.75 MB used, 16271.58 MB total
[2015.04.06-23.19.00:410][  0]LogMemory: Virtual Memory: 276.27 MB used, 8388608.00 MB total
[2015.04.06-23.19.00:444][  0]LogD3D11RHI: Found D3D11 adapter 0: NVIDIA GeForce GTX 980 (Feature Level 11_0)
[2015.04.06-23.19.00:444][  0]LogD3D11RHI: Adapter has 3972MB of dedicated video memory, 0MB of dedicated system memory, and 7879MB of shared system memory, 1 output[s]
[2015.04.06-23.19.00:444][  0]LogD3D11RHI: Chosen D3D11 Adapter Id = 0
[2015.04.06-23.19.00:450][  0]LogRHI: Texture pool is 1361 MB (70% of 1945 MB)
[2015.04.06-23.19.00:459][  0]LogD3D11RHI: Async texture creation enabled
[2015.04.06-23.19.00:520][  0]LogTextLocalizationManager: The requested culture ('en_US') has no localization data; parent culture's ('en') localization data will be used.
[2015.04.06-23.19.00:576][  0]LogTextLocalizationManager:Warning: Loading localization resources contain conflicting entries for (Namespace:UICommands, Key:Save_ToolTip):
Resource: (C:/Program Files/Epic Games/4.7/Engine/Content/Localization/Editor/en/Editor.locres) Hash: (-29098895) String: (Saves the current level to disk)
Resource: (C:/Program Files/Epic Games/4.7/Engine/Content/Localization/Engine/en/Engine.locres) Hash: (-1280300587) String: (Save selected data to vlog file)
[2015.04.06-23.19.00:576][  0]LogTextLocalizationManager:Warning: Loading localization resources contain conflicting entries for (Namespace:ContentBrowser, Key:ImportAssetToolTip):
Resource: (C:/Program Files/Epic Games/4.7/Engine/Content/Localization/Editor/en/Editor.locres) Hash: (-630476809) String: (Import to {0}...)
Resource: (C:/Program Files/Epic Games/4.7/Engine/Content/Localization/Editor/en/Editor.locres) Hash: (1271782899) String: (Imports an asset from file to this folder.)
[2015.04.06-23.19.00:653][  0]LogContentStreaming: Texture pool size is 0.000000MB
[2015.04.06-23.19.02:833][  0]LogTargetPlatformManager:Display: Building Assets For Windows
[2015.04.06-23.19.03:334][  0]LogTargetPlatformManager:Display: Building Assets For Windows
[2015.04.06-23.19.03:389][  0]LogDerivedDataCache:Display: Max Cache Size: 512 MB
[2015.04.06-23.19.03:430][  0]LogDerivedDataCache: Loaded boot cache 0.04s 39MB C:/Users/CS210/AppData/Local/UnrealEngine/4.7/DerivedDataCache/Boot.ddc.
[2015.04.06-23.19.03:430][  0]LogDerivedDataCache:Display: Loaded Boot cache: C:/Users/CS210/AppData/Local/UnrealEngine/4.7/DerivedDataCache/Boot.ddc
[2015.04.06-23.19.03:430][  0]LogDerivedDataCache: FDerivedDataBackendGraph:  Pak pak cache file D:/Unreal Projects/HelloVR_KimSHuangW/DerivedDataCache/DDC.ddp not found, will not use a pak cache.
[2015.04.06-23.19.03:430][  0]LogDerivedDataCache: Unable to find inner node Pak for hierarchical cache Hierarchy.
[2015.04.06-23.19.03:544][  0]LogDerivedDataCache:Display: Pak cache opened for reading ../../../Engine/DerivedDataCache/Compressed.ddp.
[2015.04.06-23.19.03:555][  0]LogDerivedDataCache: Using Local data cache path C:/Users/CS210/AppData/Local/UnrealEngine/Common/DerivedDataCache: Writable
[2015.04.06-23.19.03:864][  0]LogMeshUtilities: No automatic mesh reduction module available
[2015.04.06-23.19.03:864][  0]LogMeshUtilities: No automatic mesh merging module available
[2015.04.06-23.19.04:240][  0]LogInit: WinSock: version 1.1 (2.2), MaxSocks=32767, MaxUdp=65467
[2015.04.06-23.19.04:333][  0]LogSlate:Warning: Failed to load font data from '../../../Engine/Content/Slate/Fonts/Roboto-Italic.ttf'
[2015.04.06-23.19.05:962][  0]UdpMessaging: Initializing bridge on interface 0.0.0.0:0 to multicast group 230.0.0.1:6666.
[2015.04.06-23.19.06:178][  0]SourceControl: Info Source control is disabled
[2015.04.06-23.19.06:178][  0]SourceControl: Info Source control is disabled
[2015.04.06-23.19.06:178][  0]SourceControl: Info Source control is disabled
[2015.04.06-23.19.06:178][  0]LogSourceControl: RunCommandInternalRaw: 'git version'
[2015.04.06-23.19.06:178][  0]LogSourceControl: RunCommandInternalRaw: ExecProcess ReturnCode=2 OutResults=''
[2015.04.06-23.19.06:186][  0]SourceControl: Info Source control is disabled
[2015.04.06-23.19.06:361][  0]LogObj: 24232 objects as part of root set at end of initial load.
[2015.04.06-23.19.06:361][  0]LogUObjectAllocator: 5137176 out of 0 bytes used by permanent object pool.
[2015.04.06-23.19.06:433][  0]LogEngine: Initializing Engine...
[2015.04.06-23.19.08:657][  0]LogInit: XAudio2 using 'Speakers (Sound Blaster Recon3Di)' : 2 channels at 48 kHz using 32 bits per sample (channel mask 0x3)
[2015.04.06-23.19.08:697][  0]LogInit: FAudioDevice initialized.
[2015.04.06-23.19.08:752][  0]LogAIModule: Creating AISystem for world NewWorld
[2015.04.06-23.19.08:775][  0]LogDerivedDataCache: Saved boot cache 0.02s 39MB C:/Users/CS210/AppData/Local/UnrealEngine/4.7/DerivedDataCache/Boot.ddc.
[2015.04.06-23.19.08:787][  0]LogInit: Texture streaming: Enabled
[2015.04.06-23.19.08:889][  0]LogAnalytics: Creating configured Analytics provider AnalyticsET
[2015.04.06-23.19.08:889][  0]LogAnalytics: ET APIKey = Rocket.Release. APIServer = http://et2.epicgames.com/ET2/. AppVersion = 4.7.4-2497108+++depot+UE4-Releases+4.7
[2015.04.06-23.19.08:889][  0]LogAnalytics: ET APIKey = Rocket.Release. DataRouterUploadURL = https://datarouter-public-service-gamedev.ol.epicgames.net/datarouter/api/v1/public/data. AppVersion = 4.7.4-2497108+++depot+UE4-Releases+4.7
[2015.04.06-23.19.08:889][  0]LogAnalytics: SetUserId f6b4306f4d230acea427809079945fa0|5f0ee434d4724500b37faf4d335d6c43|f52a411b-2808-4bb5-a50d-8713eda5e85e
[2015.04.06-23.19.08:889][  0]LogAnalytics: AnalyticsET::StartSession [Rocket.Release]
[2015.04.06-23.19.08:933][  0]LogInit: Transaction tracking system initialized
[2015.04.06-23.19.09:095][  0]BlueprintLog: New page: Editor Load
[2015.04.06-23.19.09:141][  0]LogAssetRegistry: FAssetRegistry took 0.0101 seconds to start up
[2015.04.06-23.19.09:141][  0]LogDirectoryWatcher:Warning: Failed to begin reading directory changes for ../../../Engine/Plugins/Experimental/CharacterAI/Content/. Error: 0
[2015.04.06-23.19.09:759][  0]LogTargetPlatformManager:Display: Building Assets For Windows
[2015.04.06-23.19.10:138][  0]LogTargetPlatformManager:Display: Building Assets For Windows
[2015.04.06-23.19.10:469][  0]LogSlate:Warning: Failed to load font data from '../../../Engine/Content/Editor/Slate/Fonts/Roboto-Regular.ttf'
[2015.04.06-23.19.10:470][  0]LogSlate:Warning: Failed to load font data from '../../../Engine/Content/Editor/Slate/Fonts/Roboto-Bold.ttf'
[2015.04.06-23.19.10:477][  0]LogConsoleResponse:Display: 
[2015.04.06-23.19.10:626][  0]LogCook:Display: Done creating registry. It took  0.00s.
[2015.04.06-23.19.10:777][  0]SourceControl: Info Source control is disabled
[2015.04.06-23.19.10:777][  0]Cmd: MAP LOAD FILE="D:/Unreal Projects/HelloVR_KimSHuangW/Content/StarterContent/Maps/Minimal_Default.umap" TEMPLATE=0 SHOWPROGRESS=1 FEATURELEVEL=3
[2015.04.06-23.19.10:796][  0]LightingResults: New page: Lighting Build
[2015.04.06-23.19.10:807][  0]MapCheck: New page: Map Check
[2015.04.06-23.19.10:807][  0]LightingResults: New page: Lighting Build
[2015.04.06-23.19.10:816][  0]LogParticles: Destroying 0 GPU particle simulations for FXSystem 0x0000000016448680
[2015.04.06-23.19.11:966][  0]LogEditorServer: Finished looking for orphan Actors (0.000 secs)
[2015.04.06-23.19.11:976][  0]LogAIModule: Creating AISystem for world Minimal_Default
[2015.04.06-23.19.11:977][  0]Cmd: MAP CHECKDEP
[2015.04.06-23.19.11:977][  0]MapCheck: New page: Minimal_Default - Apr 6, 2015, 9:19:11 AM
[2015.04.06-23.19.12:071][  0]MapCheck: Info Map check complete: 0 Error(s), 0 Warning(s), took 94.25ms to complete.
[2015.04.06-23.19.12:071][  0]LogFileHelpers: Loading map 'Minimal_Default' took 1.294
[2015.04.06-23.19.12:242][  0]LogCollectionManager: Loaded 0 collections in 0.001602 seconds
[2015.04.06-23.19.12:250][  0]LogContentBrowser: Native class hierarchy populated in 0.0078 seconds. Added 1696 classes and 261 folders.
[2015.04.06-23.19.12:279][  0]LogContentBrowser: Native class hierarchy updated for 'SceneOutliner' in 0.0017 seconds. Added 1 classes and 2 folders.
[2015.04.06-23.19.12:331][  0]LogCrashTracker: Crashtracker disabled due to settings.
[2015.04.06-23.19.12:332][  0]LogSlate:Warning: Failed to load font data from 'Veranda'
[2015.04.06-23.19.12:337][  0]LogUObjectGlobals:Warning: Failed to find object 'Class None.'
[2015.04.06-23.19.12:361][  0]LogLoad: Full Startup: 12.93 seconds (BP compile: 0.10 seconds)
[2015.04.06-23.19.12:748][  0]LogContentBrowser:Verbose: The content browser source was changed by the sources view to '/Game/Maps'
[2015.04.06-23.19.12:992][  0]LogRenderer:Warning: Reallocating scene render targets to support 1616x808 (Frame:2).
[2015.04.06-23.19.15:507][  8]LogAssetRegistry: Asset discovery search completed in 6.3767 seconds
[2015.04.06-23.19.29:538][485]Cmd: MAP LOAD FILE="D:/Unreal Projects/HelloVR_KimSHuangW/Content/Maps/HelloVR_HuangWilliam.umap" TEMPLATE=0 SHOWPROGRESS=1 FEATURELEVEL=3
[2015.04.06-23.19.29:538][485]LightingResults: New page: Lighting Build
[2015.04.06-23.19.29:564][485]LoadErrors: New page: Loading map: HelloVR_HuangWilliam.umap
[2015.04.06-23.19.29:565][485]MapCheck: New page: Map Check
[2015.04.06-23.19.29:565][485]LightingResults: New page: Lighting Build
[2015.04.06-23.19.29:575][485]LogParticles: Destroying 0 GPU particle simulations for FXSystem 0x000000000C8DE840
[