Log file open, 04/04/15 13:44:18
LogInit:Display: Running engine for game: HelloVR_KimSHuangW
LogInit: Version: 4.7.4-2497108+++depot+UE4-Releases+4.7
LogInit: API Version: 2455222
LogInit: Compiled (64-bit): Mar 31 2015 09:40:25
LogInit: Compiled with Visual C++: 18.00.21005.01
LogInit: Build Configuration: Development
LogInit: Branch Name: ++depot+UE4-Releases+4.7
LogInit: Command line: 
LogInit: Base directory: C:/Program Files/Epic Games/4.7/Engine/Binaries/Win64/
LogInit: Rocket: 1
[2015.04.04-20.44.18:118][  0]LogTaskGraph: Started task graph with 3 named threads and 8 total threads.
[2015.04.04-20.44.18:204][  0]LogOnline:Warning: No default platform service specified for OnlineSubsystem
[2015.04.04-20.44.18:221][  0]LogInit: Presizing for 0 objects not considered by GC, pre-allocating 0 bytes.
[2015.04.04-20.44.18:229][  0]LogInit: Object subsystem initialized
[2015.04.04-20.44.18:231][  0]LogConsoleResponse:Warning: Skipping Unknown console variable: 'TranslucentSortAxis = (X=0.000000,Y=-1.000000,Z=0.000000)'
[2015.04.04-20.44.18:231][  0]LogConsoleResponse:Warning:   Found in ini file 'C:/Users/CS210/Documents/Unreal Projects/HelloVR_KimSHuangW/Saved/Config/Windows/Engine.ini', in section '[/Script/Engine.RendererSettings]'
[2015.04.04-20.44.18:231][  0]LogConsoleResponse:Warning: Skipping Unknown console variable: 'UIScaleRule = ShortestSide'
[2015.04.04-20.44.18:231][  0]LogConsoleResponse:Warning:   Found in ini file 'C:/Users/CS210/Documents/Unreal Projects/HelloVR_KimSHuangW/Saved/Config/Windows/Engine.ini', in section '[/Script/Engine.RendererSettings]'
[2015.04.04-20.44.18:231][  0]LogConsoleResponse:Warning: Skipping Unknown console variable: 'UIScaleCurve = (EditorCurveData=(Keys=),ExternalCurve=None)'
[2015.04.04-20.44.18:231][  0]LogConsoleResponse:Warning:   Found in ini file 'C:/Users/CS210/Documents/Unreal Projects/HelloVR_KimSHuangW/Saved/Config/Windows/Engine.ini', in section '[/Script/Engine.RendererSettings]'
[2015.04.04-20.44.18:232][  0]LogInit: Selected Device Profile: [Windows]
[2015.04.04-20.44.18:232][  0]LogInit: Applying CVar settings loaded from the selected device profile: [Windows]
[2015.04.04-20.44.18:242][  0]LogInit: Computer: CS210-WS-02
[2015.04.04-20.44.18:242][  0]LogInit: User: CS210
[2015.04.04-20.44.18:242][  0]LogInit: CPU Page size=4096, Cores=6
[2015.04.04-20.44.18:242][  0]LogInit: High frequency timer resolution =3.215263 MHz
[2015.04.04-20.44.18:242][  0]LogMemory: Memory total: Physical=15.9GB (16GB approx) Virtual=8192.0GB
[2015.04.04-20.44.18:242][  0]LogMemory: Platform Memory Stats for Windows
[2015.04.04-20.44.18:242][  0]LogMemory: Process Physical Memory: 49.52 MB used, 49.52 MB peak
[2015.04.04-20.44.18:242][  0]LogMemory: Process Virtual Memory: 29.61 MB used, 29.62 MB peak
[2015.04.04-20.44.18:242][  0]LogMemory: Physical Memory: 3270.64 MB used, 16271.58 MB total
[2015.04.04-20.44.18:242][  0]LogMemory: Virtual Memory: 285.86 MB used, 8388608.00 MB total
[2015.04.04-20.44.18:329][  0]LogD3D11RHI: Found D3D11 adapter 0: NVIDIA GeForce GTX 980 (Feature Level 11_0)
[2015.04.04-20.44.18:329][  0]LogD3D11RHI: Adapter has 3972MB of dedicated video memory, 0MB of dedicated system memory, and 7879MB of shared system memory, 1 output[s]
[2015.04.04-20.44.18:329][  0]LogD3D11RHI: Chosen D3D11 Adapter Id = 0
[2015.04.04-20.44.18:342][  0]LogRHI: Texture pool is 1361 MB (70% of 1945 MB)
[2015.04.04-20.44.18:356][  0]LogD3D11RHI: Async texture creation enabled
[2015.04.04-20.44.18:433][  0]LogTextLocalizationManager: The requested culture ('en_US') has no localization data; parent culture's ('en') localization data will be used.
[2015.04.04-20.44.18:495][  0]LogTextLocalizationManager:Warning: Loading localization resources contain conflicting entries for (Namespace:UICommands, Key:Save_ToolTip):
Resource: (C:/Program Files/Epic Games/4.7/Engine/Content/Localization/Editor/en/Editor.locres) Hash: (-29098895) String: (Saves the current level to disk)
Resource: (C:/Program Files/Epic Games/4.7/Engine/Content/Localization/Engine/en/Engine.locres) Hash: (-1280300587) String: (Save selected data to vlog file)
[2015.04.04-20.44.18:495][  0]LogTextLocalizationManager:Warning: Loading localization resources contain conflicting entries for (Namespace:ContentBrowser, Key:ImportAssetToolTip):
Resource: (C:/Program Files/Epic Games/4.7/Engine/Content/Localization/Editor/en/Editor.locres) Hash: (-630476809) String: (Import to {0}...)
Resource: (C:/Program Files/Epic Games/4.7/Engine/Content/Localization/Editor/en/Editor.locres) Hash: (1271782899) String: (Imports an asset from file to this folder.)
[2015.04.04-20.44.18:570][  0]LogContentStreaming: Texture pool size is 0.000000MB
[2015.04.04-20.44.20:771][  0]LogTargetPlatformManager:Display: Building Assets For Windows
[2015.04.04-20.44.21:282][  0]LogTargetPlatformManager:Display: Building Assets For Windows
[2015.04.04-20.44.21:336][  0]LogDerivedDataCache:Display: Max Cache Size: 512 MB
[2015.04.04-20.44.21:373][  0]LogDerivedDataCache: Loaded boot cache 0.04s 39MB C:/Users/CS210/AppData/Local/UnrealEngine/4.7/DerivedDataCache/Boot.ddc.
[2015.04.04-20.44.21:373][  0]LogDerivedDataCache:Display: Loaded Boot cache: C:/Users/CS210/AppData/Local/UnrealEngine/4.7/DerivedDataCache/Boot.ddc
[2015.04.04-20.44.21:373][  0]LogDerivedDataCache: FDerivedDataBackendGraph:  Pak pak cache file ../../../../../../Users/CS210/Documents/Unreal Projects/HelloVR_KimSHuangW/DerivedDataCache/DDC.ddp not found, will not use a pak cache.
[2015.04.04-20.44.21:373][  0]LogDerivedDataCache: Unable to find inner node Pak for hierarchical cache Hierarchy.
[2015.04.04-20.44.21:486][  0]LogDerivedDataCache:Display: Pak cache opened for reading ../../../Engine/DerivedDataCache/Compressed.ddp.
[2015.04.04-20.44.21:497][  0]LogDerivedDataCache: Using Local data cache path C:/Users/CS210/AppData/Local/UnrealEngine/Common/DerivedDataCache: Writable
[2015.04.04-20.44.21:771][  0]LogMeshUtilities: No automatic mesh reduction module available
[2015.04.04-20.44.21:771][  0]LogMeshUtilities: No automatic mesh merging module available
[2015.04.04-20.44.22:133][  0]LogInit: WinSock: version 1.1 (2.2), MaxSocks=32767, MaxUdp=65467
[2015.04.04-20.44.22:199][  0]LogSlate:Warning: Failed to load font data from '../../../Engine/Content/Slate/Fonts/Roboto-Italic.ttf'
[2015.04.04-20.44.22:898][  0]UdpMessaging: Initializing bridge on interface 0.0.0.0:0 to multicast group 230.0.0.1:6666.
[2015.04.04-20.44.23:129][  0]SourceControl: Info Source control is disabled
[2015.04.04-20.44.23:129][  0]SourceControl: Info Source control is disabled
[2015.04.04-20.44.23:129][  0]SourceControl: Info Source control is disabled
[2015.04.04-20.44.23:129][  0]LogSourceControl: RunCommandInternalRaw: 'git version'
[2015.04.04-20.44.23:129][  0]LogSourceControl: RunCommandInternalRaw: ExecProcess ReturnCode=2 OutResults=''
[2015.04.04-20.44.23:137][  0]SourceControl: Info Source control is disabled
[2015.04.04-20.44.23:294][  0]LogObj: 24232 objects as part of root set at end of initial load.
[2015.04.04-20.44.23:294][  0]LogUObjectAllocator: 5137176 out of 0 bytes used by permanent object pool.
[2015.04.04-20.44.23:397][  0]LogEngine: Initializing Engine...
[2015.04.04-20.44.23:400][  0]LogHMD:Warning: HMD Oculus Rift DK2, Monitor , res = 1920 x 1080, windowPos = {0, 0}
[2015.04.04-20.44.23:402][  0]LogHMD: Oculus plugin initialized. Version: 4.7.4-2497108+++depot+UE4-Releases+4.7, LibOVR: 0.4.4, built Mar 31 2015, 09:41:24
[2015.04.04-20.44.23:552][  0]LogInit: XAudio2 using 'Speakers (Sound Blaster Recon3Di)' : 2 channels at 48 kHz using 32 bits per sample (channel mask 0x3)
[2015.04.04-20.44.23:592][  0]LogInit: FAudioDevice initialized.
[2015.04.04-20.44.23:648][  0]LogAIModule: Creating AISystem for world NewWorld
[2015.04.04-20.44.23:683][  0]LogDerivedDataCache: Saved boot cache 0.03s 39MB C:/Users/CS210/AppData/Local/UnrealEngine/4.7/DerivedDataCache/Boot.ddc.
[2015.04.04-20.44.23:692][  0]LogInit: Texture streaming: Enabled
[2015.04.04-20.44.23:804][  0]LogAnalytics: Creating configured Analytics provider AnalyticsET
[2015.04.04-20.44.23:804][  0]LogAnalytics: ET APIKey = Rocket.Release. APIServer = http://et2.epicgames.com/ET2/. AppVersion = 4.7.4-2497108+++depot+UE4-Releases+4.7
[2015.04.04-20.44.23:804][  0]LogAnalytics: ET APIKey = Rocket.Release. DataRouterUploadURL = https://datarouter-public-service-gamedev.ol.epicgames.net/datarouter/api/v1/public/data. AppVersion = 4.7.4-2497108+++depot+UE4-Releases+4.7
[2015.04.04-20.44.23:804][  0]LogAnalytics: SetUserId f6b4306f4d230acea427809079945fa0|fe3ab0336ff042b39295e1c8f19a217d|f52a411b-2808-4bb5-a50d-8713eda5e85e
[2015.04.04-20.44.23:805][  0]LogAnalytics: AnalyticsET::StartSession [Rocket.Release]
[2015.04.04-20.44.23:851][  0]LogInit: Transaction tracking system initialized
[2015.04.04-20.44.24:012][  0]BlueprintLog: New page: Editor Load
[2015.04.04-20.44.24:043][  0]LogAssetRegistry: FAssetRegistry took 0.0097 seconds to start up
[2015.04.04-20.44.24:043][  0]LogDirectoryWatcher:Warning: Failed to begin reading directory changes for ../../../Engine/Plugins/Experimental/CharacterAI/Content/. Error: 0
[2015.04.04-20.44.24:619][  0]LogTargetPlatformManager:Display: Building Assets For Windows
[2015.04.04-20.44.25:037][  0]LogTargetPlatformManager:Display: Building Assets For Windows
[2015.04.04-20.44.25:333][  0]LogSlate:Warning: Failed to load font data from '../../../Engine/Content/Editor/Slate/Fonts/Roboto-Regular.ttf'
[2015.04.04-20.44.25:333][  0]LogSlate:Warning: Failed to load font data from '../../../Engine/Content/Editor/Slate/Fonts/Roboto-Bold.ttf'
[2015.04.04-20.44.25:338][  0]LogConsoleResponse:Display: 
[2015.04.04-20.44.25:501][  0]LogCook:Display: Done creating registry. It took  0.00s.
[2015.04.04-20.44.25:623][  0]SourceControl: Info Source control is disabled
[2015.04.04-20.44.25:623][  0]Cmd: MAP LOAD FILE="../../../../../../Users/CS210/Documents/Unreal Projects/HelloVR_KimSHuangW/Content/StarterContent/Maps/Minimal_Default.umap" TEMPLATE=0 SHOWPROGRESS=1 FEATURELEVEL=3
[2015.04.04-20.44.25:628][  0]LightingResults: New page: Lighting Build
[2015.04.04-20.44.25:639][  0]MapCheck: New page: Map Check
[2015.04.04-20.44.25:639][  0]LightingResults: New page: Lighting Build
[2015.04.04-20.44.25:649][  0]LogParticles: Destroying 0 GPU particle simulations for FXSystem 0x00000000164A9760
[2015.04.04-20.44.26:592][  0]LogEditorServer: Finished looking for orphan Actors (0.000 secs)
[2015.04.04-20.44.26:606][  0]LogAIModule: Creating AISystem for world Minimal_Default
[2015.04.04-20.44.26:607][  0]Cmd: MAP CHECKDEP
[2015.04.04-20.44.26:607][  0]MapCheck: New page: Minimal_Default - Apr 4, 2015, 6:44:26 AM
[2015.04.04-20.44.26:686][  0]MapCheck: Info Map check complete: 0 Error(s), 0 Warning(s), took 79.263ms to complete.
[2015.04.04-20.44.26:686][  0]LogFileHelpers: Loading map 'Minimal_Default' took 1.063
[2015.04.04-20.44.26:833][  0]LogCollectionManager: Loaded 0 collections in 0.001605 seconds
[2015.04.04-20.44.26:841][  0]LogContentBrowser: Native class hierarchy populated in 0.0076 seconds. Added 1696 classes and 261 folders.
[2015.04.04-20.44.26:870][  0]LogContentBrowser: Native class hierarchy updated for 'SceneOutliner' in 0.0017 seconds. Added 1 classes and 2 folders.
[2015.04.04-20.44.26:929][  0]LogCrashTracker: Crashtracker disabled due to settings.
[2015.04.04-20.44.26:930][  0]LogSlate:Warning: Failed to load font data from 'Veranda'
[2015.04.04-20.44.26:936][  0]LogUObjectGlobals:Warning: Failed to find object 'Class None.'
[2015.04.04-20.44.26:960][  0]LogLoad: Full Startup: 9.79 seconds (BP compile: 0.09 seconds)
[2015.04.04-20.44.27:002][  0]LogContentBrowser:Verbose: The content browser source was changed by the sources view to '/Game/Maps'
[2015.04.04-20.44.27:264][  0]LogRenderer:Warning: Reallocating scene render targets to support 1616x808 (Frame:2).
[2015.04.04-20.44.27:568][  4]LogAssetRegistry: Asset discovery search completed in 3.5343 seconds
[2015.04.04-20.44.31:122][418]LogContentBrowser:Verbose: The content browser source was changed by the sources view to '/Game/MyMaterials'
[2015.04.04-20.44.31:717][483]LogContentBrowser:Verbose: The content browser source was changed by the sources view to '/Game/Maps'
[2015.04.04-20.44.36:087][961]Cmd: MAP LOAD FILE="../../../../../../Users/CS210/Documents/Unreal Projects/HelloVR_KimSHuangW/Content/Maps/HelloVR_HuangWilliam.umap" TEMPLATE=0 SHOWPROGRESS=1 FEATURELEVEL=3
[2015.04.04-20.44.36:087][961]LightingResults: New page: Lighting Build
[2015.04.04-20.44.36:112][961]LoadErrors: New page: Loading map: HelloVR_HuangWilliam.umap
[2015.04.04-20.44.36:112][961]MapCheck: New page: Map Check
[2015.04.04-20.44.36:112][961]LightingResults: New page: Lighting Build
[2015.04.04-20.44.36:123][961]LogParticles: Destroying 0 GPU particle simulations for FXSystem 0x000000000D0377E0
[2015.04.04-20.44.36:131][961]LogEditorServer: Finished looking for orphan Actors (0.000 secs)
[2015.04.04-20.44.36:135][961]LogAIModule: Creating AISystem for world HelloVR_HuangWilliam
[2015.04.04-20.44.36:168][961]Cmd: MAP CHECKDEP
[2015.04.04-20.44.36:168][961]MapCheck: New page: HelloVR_HuangWilliam - Apr 4, 2015, 6:44:36 AM
[2015.04.04-20.44.36:270][961]MapCheck: Info Map check complete: 0 Error(s), 0 Warning(s), took 101.845ms to complete.
[2015.04.04-20.44.36:272][961]LogFileHelpers: Loading map 'HelloVR_HuangWilliam' took 0.187
[2015.04.04-20.44.41:714][534]LogSavePackage: Save=78.814705ms
[2015.04.04-20.44.41:715][534]LogSavePackage: Moving '../../../../../../Users/CS210/Documents/Unreal Projects/HelloVR_KimSHuangW/Saved/UEDPCHelloVR_HuangWilliam2AD055384AE7AB5B2D85FAAC9A9FDCE2.tmp' to '../../../../../../Users/CS210/Documents/Unreal Projects/HelloVR_KimSHuangW/Saved/Autosaves/Game/Maps/UEDPCHelloVR_HuangWilliam.umap'
[2015.04.04-20.52.30:995][723]LogSavePackage: Save=40.797596ms
[2015.04.04-20.52.30:995][723]LogSavePackage: Moving '../../../../../../Users/CS210/Documents/Unreal Projects/HelloVR_KimSHuangW/Saved/HelloVR_HuangWilliam4821B0D64A01967141E462956487B9AB.tmp' to '../../../../../../Users/CS210/Documents/Unreal Projects/HelloVR_KimSHuangW/Content/Maps/HelloVR_HuangWilliam.umap'
[2015.04.04-20.52.31:025][723]LogFileHelpers: Saving map 'HelloVR_HuangWilliam' took 0.179
[2015.04.04-20.52.31:447][724]Cmd: QUIT_EDITOR
[2015.04.04-20.52.31:688][724]LogHMD: Oculus shutdown.
[2015.04.04-20.52.31:842][724]LogExit: Preparing to exit.
[2015.04.04-20.52.32:990][724]LogExit: Editor shut down
[2015.04.04-20.52.32:991][724]LogExit: Transaction tracking system shut down
[2015.04.04-20.52.32:992][724]LogParticles: Destroying 0 GPU particle simulations for FXSystem 0x000000000F40F9C0
[2015.04.04-20.52.32:992][724]LogParticles: Destroying 0 GPU particle simulations for FXSystem 0x000000000F40F600
[2015.04.04-20.52.32:992][724]LogParticles: Destroying 0 GPU particle simulations for FXSystem 0x000000001DE48A40
[2015.04.04-20.52.32:992][724]LogParticles: Destroying 0 GPU particle simulations for FXSystem 0x000000000F40F060
[2015.04.04-20.52.33:055][724]LogExit: Object subsystem successfully closed.
[2015.04.04-20.52.33:123][724]LogModuleManager: Shutting down and abandoning module CrashTracker (177)
[2015.04.04-20.52.33:123][724]LogModuleManager: Shutting down and abandoning module SuperSearch (176)
[2015.04.04-20.52.33:123][724]LogModuleManager: Shutting down and abandoning module SceneOutliner (175)
[2015.04.04-20.52.33:123][724]LogModuleManager: Shutting down and abandoning module EditorWidgets (174)
[2015.04.04-20.52.33:123][724]LogModuleManager: Shutting down and abandoning module CollectionManager (173)
[2015.04.04-20.52.33:123][724]LogModuleManager: Shutting down and abandoning module StatsViewer (172)
[2015.04.04-20.52.33:123][724]LogModuleManager: Shutting down and abandoning module FoliageEdit (171)
[2015.04.04-20.52.33:123][724]LogModuleManager: Shutting down and abandoning module LandscapeEditor (170)
[2015.04.04-20.52.33:124][724]LogModuleManager: Shutting down and abandoning module MeshPaint (169)
[2015.04.04-20.52.33:124][724]LogModuleManager: Shutting down and abandoning module ActorPickerMode (168)
[2015.04.04-20.52.33:124][724]LogModuleManager: Shutting down and abandoning module GeometryMode (167)
[2015.04.04-20.52.33:124][724]LogModuleManager: Shutting down and abandoning module TextureAlignMode (166)
[2015.04.04-20.52.33:124][724]LogModuleManager: Shutting down and abandoning module BspMode (165)
[2015.04.04-20.52.33:124][724]LogModuleManager: Shutting down and abandoning module PlacementMode (164)
[2015.04.04-20.52.33:124][724]LogModuleManager: Shutting down and abandoning module AutomationWorker (163)
[2015.04.04-20.52.33:124][724]LogModuleManager: Shutting down and abandoning module CharacterAI (162)
[2015.04.04-20.52.33:124][724]LogModuleManager: Shutting down and abandoning module SmartSnapping (161)
[2015.04.04-20.52.33:124][724]LogModuleManager: Shutting down and abandoning module ViewportSnapping (160)
[2015.04.04-20.52.33:124][724]LogModuleManager: Shutting down and abandoning module LogVisualizer (159)
[2015.04.04-20.52.33:124][724]LogModuleManager: Shutting down and abandoning module GameProjectGeneration (158)
[2015.04.04-20.52.33:124][724]LogModuleManager: Shutting down and abandoning module IntroTutorials (157)
[2015.04.04-20.52.33:124][724]LogModuleManager: Shutting down and abandoning module EditorLiveStreaming (156)
[2015.04.04-20.52.33:124][724]LogModuleManager: Shutting down and abandoning module HardwareTargeting (155)
[2015.04.04-20.52.33:124][724]LogModuleManager: Shutting down and abandoning module DeviceProfileEditor (154)
[2015.04.04-20.52.33:124][724]LogModuleManager: Shutting down and abandoning module UndoHistory (153)
[2015.04.04-20.52.33:124][724]LogModuleManager: Shutting down and abandoning module GameplayTagsEditor (152)
[2015.04.04-20.52.33:124][724]LogModuleManager: Shutting down and abandoning module UserFeedback (151)
[2015.04.04-20.52.33:124][724]LogModuleManager: Shutting down and abandoning module XmlParser (150)
[2015.04.04-20.52.33:124][724]LogModuleManager: Shutting down and abandoning module Blutility (149)
[2015.04.04-20.52.33:124][724]LogModuleManager: Shutting down and abandoning module IOSPlatformEditor (148)
[2015.04.04-20.52.33:124][724]LogModuleManager: Shutting down and abandoning module IOSRuntimeSettings (147)
[2015.04.04-20.52.33:124][724]LogModuleManager: Shutting down and abandoning module AndroidDeviceDetection (146)
[2015.04.04-20.52.33:149][724]LogModuleManager: Shutting down and abandoning module AndroidPlatformEditor (145)
[2015.04.04-20.52.33:149][724]LogModuleManager: Shutting down and abandoning module AndroidRuntimeSettings (144)
[2015.04.04-20.52.33:149][724]LogModuleManager: Shutting down and abandoning module ProjectTargetPlatformEditor (143)
[2015.04.04-20.52.33:149][724]LogModuleManager: Shutting down and abandoning module ProjectSettingsViewer (142)
[2015.04.04-20.52.33:149][724]LogModuleManager: Shutting down and abandoning module InputBindingEditor (141)
[2015.04.04-20.52.33:149][724]LogModuleManager: Shutting down and abandoning module EditorSettingsViewer (140)
[2015.04.04-20.52.33:149][724]LogModuleManager: Shutting down and abandoning module SettingsEditor (139)
[2015.04.04-20.52.33:149][724]LogModuleManager: Shutting down and abandoning module ProjectLauncher (138)
[2015.04.04-20.52.33:149][724]LogModuleManager: Shutting down and abandoning module SessionFrontend (137)
[2015.04.04-20.52.33:149][724]LogModuleManager: Shutting down and abandoning module ProfilerClient (136)
[2015.04.04-20.52.33:149][724]LogModuleManager: Shutting down and abandoning module TargetDeviceServices (135)
[2015.04.04-20.52.33:149][724]LogModuleManager: Shutting down and abandoning module DeviceManager (134)
[2015.04.04-20.52.33:149][724]LogModuleManager: Shutting down and abandoning module AutomationController (133)
[2015.04.04-20.52.33:149][724]LogModuleManager: Shutting down and abandoning module AutomationWindow (132)
[2015.04.04-20.52.33:149][724]LogModuleManager: Shutting down and abandoning module Layers (131)
[2015.04.04-20.52.33:149][724]LogModuleManager: Shutting down and abandoning module ComponentVisualizers (130)
[2015.04.04-20.52.33:149][724]LogModuleManager: Shutting down and abandoning module DetailCustomizations (129)
[2015.04.04-20.52.33:149][724]LogModuleManager: Shutting down and abandoning module PackagesDialog (128)
[2015.04.04-20.52.33:150][724]LogModuleManager: Shutting down and abandoning module AssetRegistry (127)
[2015.04.04-20.52.33:248][724]LogModuleManager: Shutting down and abandoning module Persona (126)
[2015.04.04-20.52.33:248][724]LogModuleManager: Shutting down and abandoning module SlateReflector (125)
[2015.04.04-20.52.33:248][724]LogModuleManager: Shutting down and abandoning module LevelEditor (124)
[2015.04.04-20.52.33:249][724]LogModuleManager: Shutting down and abandoning module Kismet (123)
[2015.04.04-20.52.33:249][724]LogModuleManager: Shutting down and abandoning module GraphEditor (122)
[2015.04.04-20.52.33:249][724]LogModuleManager: Shutting down and abandoning module ClassViewer (121)
[2015.04.04-20.52.33:249][724]LogModuleManager: Shutting down and abandoning module Toolbox (120)
[2015.04.04-20.52.33:249][724]LogModuleManager: Shutting down and abandoning module ModuleUI (119)
[2015.04.04-20.52.33:249][724]LogModuleManager: Shutting down and abandoning module MovieSceneTools (118)
[2015.04.04-20.52.33:249][724]LogModuleManager: Shutting down and abandoning module OutputLog (117)
[2015.04.04-20.52.33:249][724]LogModuleManager: Shutting down and abandoning module GammaUI (116)
[2015.04.04-20.52.33:249][724]LogModuleManager: Shutting down and abandoning module Documentation (115)
[2015.04.04-20.52.33:249][724]LogModuleManager: Shutting down and abandoning module GameLiveStreaming (114)
[2015.04.04-20.52.33:249][724]LogModuleManager: Shutting down and abandoning module StreamingPauseRendering (113)
[2015.04.04-20.52.33:249][724]LogModuleManager: Shutting down and abandoning module HTTP (112)
[2015.04.04-20.52.33:249][724]LogModuleManager: Shutting down and abandoning module AnalyticsET (111)
[2015.04.04-20.52.33:249][724]LogModuleManager: Shutting down and abandoning module Analytics (110)
[2015.04.04-20.52.33:249][724]LogModuleManager: Shutting down and abandoning module AITestSuite (109)
[2015.04.04-20.52.33:249][724]LogModuleManager: Shutting down and abandoning module GameplayDebugger (108)
[2015.04.04-20.52.33:249][724]LogModuleManager: Shutting down and abandoning module AIModule (107)
[2015.04.04-20.52.33:249][724]LogModuleManager: Shutting down and abandoning module ProfilerService (106)
[2015.04.04-20.52.33:344][724]LogModuleManager: Shutting down and abandoning module TaskGraph (105)
[2015.04.04-20.52.33:344][724]LogModuleManager: Shutting down and abandoning module SlateRemote (104)
[2015.04.04-20.52.33:344][724]LogModuleManager: Shutting down and abandoning module ScriptEditorPlugin (103)
[2015.04.04-20.52.33:344][724]LogModuleManager: Shutting down and abandoning module CustomMeshComponent (102)
[2015.04.04-20.52.33:344][724]LogModuleManager: Shutting down and abandoning module CableComponent (101)
[2015.04.04-20.52.33:344][724]LogModuleManager: Shutting down and abandoning module MessagingDebugger (100)
[2015.04.04-20.52.33:344][724]LogModuleManager: Shutting down and abandoning module MediaPlayerEditor (99)
[2015.04.04-20.52.33:344][724]LogModuleManager: Shutting down and abandoning module SpeedTreeImporter (98)
[2015.04.04-20.52.33:344][724]LogModuleManager: Shutting down and abandoning module PluginsEditor (97)
[2015.04.04-20.52.33:344][724]LogModuleManager: Shutting down and abandoning module MainFrame (96)
[2015.04.04-20.52.33:344][724]LogModuleManager: Shutting down and abandoning module EpicSurvey (95)
[2015.04.04-20.52.33:344][724]LogModuleManager: Shutting down and abandoning module DesktopPlatform (94)
[2015.04.04-20.52.33:344][724]LogModuleManager: Shutting down and abandoning module DirectoryWatcher (93)
[2015.04.04-20.52.33:345][724]LogModuleManager: Shutting down and abandoning module HotReload (92)
[2015.04.04-20.52.33:345][724]LogModuleManager: Shutting down and abandoning module VisualStudioSourceCodeAccess (91)
[2015.04.04-20.52.33:345][724]LogModuleManager: Shutting down and abandoning module UObjectPlugin (90)
[2015.04.04-20.52.33:345][724]LogModuleManager: Shutting down and abandoning module SubversionSourceControl (89)
[2015.04.04-20.52.33:345][724]LogModuleManager: Shutting down and abandoning module PerforceSourceControl (88)
[2015.04.04-20.52.33:345][724]LogModuleManager: Shutting down and abandoning module SourceControl (87)
[2015.04.04-20.52.33:345][724]LogModuleManager: Shutting down and abandoning module GitSourceControl (86)
[2015.04.04-20.52.33:345][724]LogModuleManager: Shutting down and abandoning module BlankPlugin (85)
[2015.04.04-20.52.33:345][724]LogModuleManager: Shutting down and abandoning module PaperTiledImporter (84)
[2015.04.04-20.52.33:345][724]LogModuleManager: Shutting down and abandoning module PaperJsonImporter (83)
[2015.04.04-20.52.33:345][724]LogModuleManager: Shutting down and abandoning module ContentBrowser (82)
[2015.04.04-20.52.33:346][724]LogModuleManager: Shutting down and abandoning module Paper2DEditor (81)
[2015.04.04-20.52.33:347][724]LogModuleManager: Shutting down and abandoning module ScriptPlugin (80)
[2015.04.04-20.52.33:347][724]LogModuleManager: Shutting down and abandoning module UdpMessaging (79)
[2015.04.04-20.52.33:447][724]LogModuleManager: Shutting down and abandoning module Paper2D (78)
[2015.04.04-20.52.33:447][724]LogModuleManager: Shutting down and abandoning module WindowsMoviePlayer (77)
[2015.04.04-20.52.33:452][724]LogModuleManager: Shutting down and abandoning module Media (76)
[2015.04.04-20.52.33:452][724]LogModuleManager: Shutting down and abandoning module WmfMedia (75)
[2015.04.04-20.52.33:452][724]LogModuleManager: Shutting down and abandoning module OnlineBlueprintSupport (74)
[2015.04.04-20.52.33:452][724]LogModuleManager: Shutting down and abandoning module PropertyEditor (73)
[2015.04.04-20.52.33:452][724]LogModuleManager: Shutting down and abandoning module BehaviorTreeEditor (72)
[2015.04.04-20.52.33:452][724]LogModuleManager: Shutting down and abandoning module FunctionalTesting (71)
[2015.04.04-20.52.33:452][724]LogModuleManager: Shutting down and abandoning module CollisionAnalyzer (70)
[2015.04.04-20.52.33:452][724]LogModuleManager: Shutting down and abandoning module WorkspaceMenuStructure (69)
[2015.04.04-20.52.33:452][724]LogModuleManager: Shutting down and abandoning module MessageLog (68)
[2015.04.04-20.52.33:453][724]LogModuleManager: Shutting down and abandoning module Sequencer (67)
[2015.04.04-20.52.33:453][724]LogModuleManager: Shutting down and abandoning module AssetTools (66)
[2015.04.04-20.52.33:453][724]LogModuleManager: Shutting down and abandoning module UMGEditor (65)
[2015.04.04-20.52.33:453][724]LogModuleManager: Shutting down and abandoning module UMG (64)
[2015.04.04-20.52.33:453][724]LogModuleManager: Shutting down and abandoning module Slate (63)
[2015.04.04-20.52.33:453][724]LogModuleManager: Shutting down and abandoning module EditorStyle (62)
[2015.04.04-20.52.33:461][724]LogModuleManager: Shutting down and abandoning module SessionServices (61)
[2015.04.04-20.52.33:461][724]LogModuleManager: Shutting down and abandoning module SourceCodeAccess (60)
[2015.04.04-20.52.33:461][724]LogModuleManager: Shutting down and abandoning module HeadMountedDisplay (59)
[2015.04.04-20.52.33:461][724]LogModuleManager: Shutting down and abandoning module XAudio2 (58)
[2015.04.04-20.52.33:461][724]LogModuleManager: Shutting down and abandoning module Networking (56)
[2015.04.04-20.52.33:461][724]LogModuleManager: Shutting down and abandoning module Core (55)
[2015.04.04-20.52.33:461][724]LogModuleManager: Shutting down and abandoning module KismetCompiler (54)
[2015.04.04-20.52.33:461][724]LogModuleManager: Shutting down and abandoning module PhysXFormats (53)
[2015.04.04-20.52.33:461][724]LogModuleManager: Shutting down and abandoning module MeshUtilities (52)
[2015.04.04-20.52.33:461][724]LogModuleManager: Shutting down and abandoning module DerivedDataCache (51)
[2015.04.04-20.52.33:499][724]LogDerivedDataCache: Shutdown
[2015.04.04-20.52.33:499][724]LogModuleManager: Shutting down and abandoning module ShaderFormatOpenGL (50)
[2015.04.04-20.52.33:499][724]LogModuleManager: Shutting down and abandoning module ShaderFormatD3D (49)
[2015.04.04-20.52.33:499][724]LogModuleManager: Shutting down and abandoning module MetalShaderFormat (48)
[2015.04.04-20.52.33:499][724]LogModuleManager: Shutting down and abandoning module TextureFormatUncompressed (47)
[2015.04.04-20.52.33:499][724]LogModuleManager: Shutting down and abandoning module TextureFormatPVR (46)
[2015.04.04-20.52.33:499][724]LogModuleManager: Shutting down and abandoning module TextureFormatIntelISPCTexComp (45)
[2015.04.04-20.52.33:499][724]LogModuleManager: Shutting down and abandoning module TextureFormatDXT (44)
[2015.04.04-20.52.33:499][724]LogModuleManager: Shutting down and abandoning module ImageWrapper (43)
[2015.04.04-20.52.33:499][724]LogModuleManager: Shutting down and abandoning module TextureFormatASTC (42)
[2015.04.04-20.52.33:499][724]LogModuleManager: Shutting down and abandoning module TextureFormatAndroid (41)
[2015.04.04-20.52.33:499][724]LogModuleManager: Shutting down and abandoning module AudioFormatOpus (40)
[2015.04.04-20.52.33:499][724]LogModuleManager: Shutting down and abandoning module AudioFormatOgg (39)
[2015.04.04-20.52.33:499][724]LogModuleManager: Shutting down and abandoning module AudioFormatADPCM (38)
[2015.04.04-20.52.33:499][724]LogModuleManager: Shutting down and abandoning module LinuxTargetPlatform (37)
[2015.04.04-20.52.33:499][724]LogModuleManager: Shutting down and abandoning module LinuxServerTargetPlatform (36)
[2015.04.04-20.52.33:499][724]LogModuleManager: Shutting down and abandoning module LinuxNoEditorTargetPlatform (35)
[2015.04.04-20.52.33:499][724]LogModuleManager: Shutting down and abandoning module Messaging (34)
[2015.04.04-20.52.33:499][724]LogModuleManager: Shutting down and abandoning module IOSTargetPlatform (33)
[2015.04.04-20.52.33:499][724]LogModuleManager: Shutting down and abandoning module HTML5TargetPlatform (32)
[2015.04.04-20.52.33:499][724]LogModuleManager: Shutting down and abandoning module Android_PVRTCTargetPlatform (31)
[2015.04.04-20.52.33:499][724]LogModuleManager: Shutting down and abandoning module Android_ETC2TargetPlatform (30)
[2015.04.04-20.52.33:499][724]LogModuleManager: Shutting down and abandoning module Android_ETC1TargetPlatform (29)
[2015.04.04-20.52.33:499][724]LogModuleManager: Shutting down and abandoning module Android_ES31TargetPlatform (28)
[2015.04.04-20.52.33:499][724]LogModuleManager: Shutting down and abandoning module Android_DXTTargetPlatform (27)
[2015.04.04-20.52.33:499][724]LogModuleManager: Shutting down and abandoning module Android_ATCTargetPlatform (26)
[2015.04.04-20.52.33:499][724]LogModuleManager: Shutting down and abandoning module AndroidTargetPlatform (25)
[2015.04.04-20.52.33:499][724]LogModuleManager: Shutting down and abandoning module WindowsTargetPlatform (24)
[2015.04.04-20.52.33:499][724]LogModuleManager: Shutting down and abandoning module WindowsServerTargetPlatform (23)
[2015.04.04-20.52.33:499][724]LogModuleManager: Shutting down and abandoning module WindowsNoEditorTargetPlatform (22)
[2015.04.04-20.52.33:500][724]LogModuleManager: Shutting down and abandoning module WindowsClientTargetPlatform (21)
[2015.04.04-20.52.33:500][724]LogModuleManager: Shutting down and abandoning module TargetPlatform (20)
[2015.04.04-20.52.33:500][724]LogModuleManager: Shutting down and abandoning module InputCore (19)
[2015.04.04-20.52.33:500][724]LogModuleManager: Shutting down and abandoning module Settings (18)
[2015.04.04-20.52.33:500][724]LogModuleManager: Shutting down and abandoning module OnlineSubsystem (16)
[2015.04.04-20.52.33:500][724]LogModuleManager: Shutting down and abandoning module OculusRift (15)
[2015.04.04-20.52.33:500][724]LogModuleManager: Shutting down and abandoning module ExampleDeviceProfileSelector (14)
[2015.04.04-20.52.33:500][724]LogModuleManager: Shutting down and abandoning module TextureCompressor (13)
[2015.04.04-20.52.33:500][724]LogModuleManager: Shutting down and abandoning module ShaderCore (12)
[2015.04.04-20.52.33:500][724]LogModuleManager: Shutting down and abandoning module Landscape (11)
[2015.04.04-20.52.33:500][724]LogModuleManager: Shutting down and abandoning module SlateRHIRenderer (10)
[2015.04.04-20.52.33:503][724]LogModuleManager: Shutting down and abandoning module OpenGLDrv (9)
[2015.04.04-20.52.33:503][724]LogModuleManager: Shutting down and abandoning module D3D11RHI (8)
[2015.04.04-20.52.33:503][724]LogModuleManager: Shutting down and abandoning module Renderer (7)
[2015.04.04-20.52.33:503][724]LogModuleManager: Shutting down and abandoning module Engine (6)
[2015.04.04-20.52.33:503][724]LogModuleManager: Shutting down and abandoning module CoreUObject (5)
[2015.04.04-20.52.33:503][724]LogModuleManager: Shutting down and abandoning module NetworkFile (4)
[2015.04.04-20.52.33:503][724]LogModuleManager: Shutting down and abandoning module StreamingFile (3)
[2015.04.04-20.52.33:503][724]LogModuleManager: Shutting down and abandoning module SandboxFile (2)
[2015.04.04-20.52.33:503][724]LogModuleManager: Shutting down and abandoning module PakFile (1)
[2015.04.04-20.52.33:504][724]LogExit: Exiting.
[2015.04.04-20.52.33:514][724]Log file closed, 04/04/15 13:52:33
