Log file open, 04/02/15 22:52:26
LogInit:Display: Running engine for game: HelloVR_KimSHuangW
LogInit: Version: 4.7.4-2497108+++depot+UE4-Releases+4.7
LogInit: API Version: 2455222
LogInit: Compiled (64-bit): Mar 31 2015 09:40:25
LogInit: Compiled with Visual C++: 18.00.21005.01
LogInit: Build Configuration: Development
LogInit: Branch Name: ++depot+UE4-Releases+4.7
LogInit: Command line:  /Temp/Autosaves/Game/Maps/UEDPCHelloVR_HuangWilliam -game -PIEVIACONSOLE -ResX=1280 -ResY=720  -Multiprocess 
LogInit: Base directory: C:/Program Files/Epic Games/4.7/Engine/Binaries/Win64/
LogInit: Rocket: 1
[2015.04.03-05.52.26:890][  0]LogTaskGraph: Started task graph with 3 named threads and 7 total threads.
[2015.04.03-05.52.26:965][  0]LogOnline:Warning: No default platform service specified for OnlineSubsystem
[2015.04.03-05.52.26:984][  0]LogInit: Presizing for 0 objects not considered by GC, pre-allocating 0 bytes.
[2015.04.03-05.52.26:994][  0]LogInit: Object subsystem initialized
[2015.04.03-05.52.26:996][  0]LogConsoleResponse:Warning: Skipping Unknown console variable: 'TranslucentSortAxis = (X=0.000000,Y=-1.000000,Z=0.000000)'
[2015.04.03-05.52.26:996][  0]LogConsoleResponse:Warning:   Found in ini file 'C:/Users/CS210/Documents/Unreal Projects/HelloVR_KimSHuangW/Saved/Config/Windows/Engine.ini', in section '[/Script/Engine.RendererSettings]'
[2015.04.03-05.52.26:996][  0]LogConsoleResponse:Warning: Skipping Unknown console variable: 'UIScaleRule = ShortestSide'
[2015.04.03-05.52.26:996][  0]LogConsoleResponse:Warning:   Found in ini file 'C:/Users/CS210/Documents/Unreal Projects/HelloVR_KimSHuangW/Saved/Config/Windows/Engine.ini', in section '[/Script/Engine.RendererSettings]'
[2015.04.03-05.52.26:996][  0]LogConsoleResponse:Warning: Skipping Unknown console variable: 'UIScaleCurve = (EditorCurveData=(Keys=),ExternalCurve=None)'
[2015.04.03-05.52.26:996][  0]LogConsoleResponse:Warning:   Found in ini file 'C:/Users/CS210/Documents/Unreal Projects/HelloVR_KimSHuangW/Saved/Config/Windows/Engine.ini', in section '[/Script/Engine.RendererSettings]'
[2015.04.03-05.52.26:996][  0]LogInit: Selected Device Profile: [Windows]
[2015.04.03-05.52.26:996][  0]LogInit: Applying CVar settings loaded from the selected device profile: [Windows]
[2015.04.03-05.52.27:001][  0]LogInit: Computer: CS210-WS-02
[2015.04.03-05.52.27:001][  0]LogInit: User: CS210
[2015.04.03-05.52.27:001][  0]LogInit: CPU Page size=4096, Cores=6
[2015.04.03-05.52.27:001][  0]LogInit: High frequency timer resolution =3.215263 MHz
[2015.04.03-05.52.27:001][  0]LogMemory: Memory total: Physical=15.9GB (16GB approx) Virtual=8192.0GB
[2015.04.03-05.52.27:001][  0]LogMemory: Platform Memory Stats for Windows
[2015.04.03-05.52.27:001][  0]LogMemory: Process Physical Memory: 49.61 MB used, 49.61 MB peak
[2015.04.03-05.52.27:001][  0]LogMemory: Process Virtual Memory: 29.60 MB used, 29.60 MB peak
[2015.04.03-05.52.27:001][  0]LogMemory: Physical Memory: 3563.14 MB used, 16271.58 MB total
[2015.04.03-05.52.27:001][  0]LogMemory: Virtual Memory: 285.55 MB used, 8388608.00 MB total
[2015.04.03-05.52.27:042][  0]LogD3D11RHI: Found D3D11 adapter 0: NVIDIA GeForce GTX 980 (Feature Level 11_0)
[2015.04.03-05.52.27:042][  0]LogD3D11RHI: Adapter has 3972MB of dedicated video memory, 0MB of dedicated system memory, and 7879MB of shared system memory, 1 output[s]
[2015.04.03-05.52.27:042][  0]LogD3D11RHI: Chosen D3D11 Adapter Id = 0
[2015.04.03-05.52.27:053][  0]LogRHI: Texture pool is 1361 MB (70% of 1945 MB)
[2015.04.03-05.52.27:062][  0]LogD3D11RHI: Async texture creation enabled
[2015.04.03-05.52.27:113][  0]LogTextLocalizationManager: The requested culture ('en_US') has no localization data; parent culture's ('en') localization data will be used.
[2015.04.03-05.52.27:169][  0]LogTextLocalizationManager:Warning: Loading localization resources contain conflicting entries for (Namespace:UICommands, Key:Save_ToolTip):
Resource: (C:/Program Files/Epic Games/4.7/Engine/Content/Localization/Editor/en/Editor.locres) Hash: (-29098895) String: (Saves the current level to disk)
Resource: (C:/Program Files/Epic Games/4.7/Engine/Content/Localization/Engine/en/Engine.locres) Hash: (-1280300587) String: (Save selected data to vlog file)
[2015.04.03-05.52.27:170][  0]LogTextLocalizationManager:Warning: Loading localization resources contain conflicting entries for (Namespace:ContentBrowser, Key:ImportAssetToolTip):
Resource: (C:/Program Files/Epic Games/4.7/Engine/Content/Localization/Editor/en/Editor.locres) Hash: (-630476809) String: (Import to {0}...)
Resource: (C:/Program Files/Epic Games/4.7/Engine/Content/Localization/Editor/en/Editor.locres) Hash: (1271782899) String: (Imports an asset from file to this folder.)
[2015.04.03-05.52.27:249][  0]LogContentStreaming: Texture pool size is 1000.000000MB
[2015.04.03-05.52.29:548][  0]LogTargetPlatformManager:Display: Building Assets For Windows
[2015.04.03-05.52.30:132][  0]LogTargetPlatformManager:Display: Building Assets For Windows
[2015.04.03-05.52.30:190][  0]LogDerivedDataCache:Display: Max Cache Size: 512 MB
[2015.04.03-05.52.30:244][  0]LogDerivedDataCache: Loaded boot cache 0.05s 39MB C:/Users/CS210/AppData/Local/UnrealEngine/4.7/DerivedDataCache/Boot.ddc.
[2015.04.03-05.52.30:244][  0]LogDerivedDataCache:Display: Loaded Boot cache: C:/Users/CS210/AppData/Local/UnrealEngine/4.7/DerivedDataCache/Boot.ddc
[2015.04.03-05.52.30:244][  0]LogDerivedDataCache: FDerivedDataBackendGraph:  Pak pak cache file ../../../../../../Users/CS210/Documents/Unreal Projects/HelloVR_KimSHuangW/DerivedDataCache/DDC.ddp not found, will not use a pak cache.
[2015.04.03-05.52.30:244][  0]LogDerivedDataCache: Unable to find inner node Pak for hierarchical cache Hierarchy.
[2015.04.03-05.52.30:375][  0]LogDerivedDataCache:Display: Pak cache opened for reading ../../../Engine/DerivedDataCache/Compressed.ddp.
[2015.04.03-05.52.30:387][  0]LogDerivedDataCache: Using Local data cache path C:/Users/CS210/AppData/Local/UnrealEngine/Common/DerivedDataCache: Writable
[2015.04.03-05.52.30:655][  0]LogMeshUtilities: No automatic mesh reduction module available
[2015.04.03-05.52.30:655][  0]LogMeshUtilities: No automatic mesh merging module available
[2015.04.03-05.52.31:004][  0]LogInit: WinSock: version 1.1 (2.2), MaxSocks=32767, MaxUdp=65467
[2015.04.03-05.52.31:366][  0]LogWindowsMoviePlayer: Unable to load movie: ../../../../../../Users/CS210/Documents/Unreal Projects/HelloVR_KimSHuangW/Content/Movies/Default_Startup.mp4
[2015.04.03-05.52.31:491][  0]LogSourceControl: RunCommandInternalRaw: 'git version'
[2015.04.03-05.52.31:491][  0]LogSourceControl: RunCommandInternalRaw: ExecProcess ReturnCode=2 OutResults=''
[2015.04.03-05.52.31:513][  0]SourceControl: Info Source control is disabled
[2015.04.03-05.52.31:513][  0]SourceControl: Info Source control is disabled
[2015.04.03-05.52.31:513][  0]SourceControl: Info Source control is disabled
[2015.04.03-05.52.31:520][  0]SourceControl: Info Source control is disabled
[2015.04.03-05.52.31:613][  0]LogObj: 23971 objects as part of root set at end of initial load.
[2015.04.03-05.52.31:613][  0]LogUObjectAllocator: 4988928 out of 0 bytes used by permanent object pool.
[2015.04.03-05.52.31:692][  0]LogAutomationTest:Warning: ERR: Transient text cannot be serialized "Testing Transient serialization detection".
[2015.04.03-05.52.31:692][  0]LogEngine: Initializing Engine...
[2015.04.03-05.52.31:694][  0]LogHMD:Warning: HMD Oculus Rift DK2, Monitor , res = 1920 x 1080, windowPos = {0, 0}
[2015.04.03-05.52.31:694][  0]LogHMD: Oculus plugin initialized. Version: 4.7.4-2497108+++depot+UE4-Releases+4.7, LibOVR: 0.4.4, built Mar 31 2015, 09:41:24
[2015.04.03-05.52.31:861][  0]LogInit: XAudio2 using 'Speakers (Sound Blaster Recon3Di)' : 2 channels at 48 kHz using 32 bits per sample (channel mask 0x3)
[2015.04.03-05.52.31:873][  0]LogInit: FAudioDevice initialized.
[2015.04.03-05.52.31:877][  0]LogInit: Texture streaming: Enabled
[2015.04.03-05.52.31:951][  0]LogAnalytics: Creating configured Analytics provider AnalyticsET
[2015.04.03-05.52.31:951][  0]LogAnalytics: ET APIKey = Rocket.Release. APIServer = http://et2.epicgames.com/ET2/. AppVersion = 4.7.4-2497108+++depot+UE4-Releases+4.7
[2015.04.03-05.52.31:951][  0]LogAnalytics: ET APIKey = Rocket.Release. DataRouterUploadURL = https://datarouter-public-service-gamedev.ol.epicgames.net/datarouter/api/v1/public/data. AppVersion = 4.7.4-2497108+++depot+UE4-Releases+4.7
[2015.04.03-05.52.31:951][  0]LogAnalytics: SetUserId f6b4306f4d230acea427809079945fa0|fe3ab0336ff042b39295e1c8f19a217d|f52a411b-2808-4bb5-a50d-8713eda5e85e
[2015.04.03-05.52.31:951][  0]LogAnalytics: AnalyticsET::StartSession [Rocket.Release]
[2015.04.03-05.52.31:993][  0]LogNet: Browse: /Temp/Autosaves/Game/Maps/UEDPCHelloVR_HuangWilliam?Name=Player
[2015.04.03-05.52.31:994][  0]LogLoad: LoadMap: /Temp/Autosaves/Game/Maps/UEDPCHelloVR_HuangWilliam?Name=Player
[2015.04.03-05.52.32:008][  0]LogMemory: Platform Memory Stats for Windows
[2015.04.03-05.52.32:008][  0]LogMemory: Process Physical Memory: 279.03 MB used, 292.45 MB peak
[2015.04.03-05.52.32:008][  0]LogMemory: Process Virtual Memory: 239.59 MB used, 256.23 MB peak
[2015.04.03-05.52.32:008][  0]LogMemory: Physical Memory: 3739.78 MB used, 16271.58 MB total
[2015.04.03-05.52.32:008][  0]LogMemory: Virtual Memory: 684.89 MB used, 8388608.00 MB total
[2015.04.03-05.52.32:008][  0]LogMemory: 
[2015.04.03-05.52.32:008][  0]Allocator Stats for TBB: (not implemented)
[2015.04.03-05.52.32:042][  0]LogWorld: Game class is 'GameMode'
[2015.04.03-05.52.32:079][  0]LogAIModule: Creating AISystem for world HelloVR_HuangWilliam
[2015.04.03-05.52.32:080][  0]LogWorld: Bringing World /Temp/Autosaves/Game/Maps/UEDPCHelloVR_HuangWilliam.HelloVR_HuangWilliam up for play (max tick rate 0) at 2015.04.02-22.52.32
[2015.04.03-05.52.32:081][  0]LogWorld: Bringing up level for play took: 0.001878
[2015.04.03-05.52.32:082][  0]LogInit:Display: Game Engine Initialized.
[2015.04.03-05.52.32:317][  0]LogLoad: Full Startup: 6.29 seconds (BP compile: 0.00 seconds)
[2015.04.03-05.52.32:423][  2]LogRenderer:Warning: Reallocating scene render targets to support 1280x720 (Frame:2).
[2015.04.03-05.52.37:311][235]LogHMD:Warning: Vision Tracking Acquired
[2015.04.03-05.52.37:334][235]LogRenderer:Warning: Reallocating scene render targets to support 1920x1080 (Frame:2237).
[2015.04.03-05.52.37:391][235]LogRenderer:Warning: Reallocating scene render targets to support 2600x1464 (Frame:2238).
[2015.04.03-05.52.37:436][237]LogRenderTargetPool:Warning: r.RenderTargetPoolMin exceeded 458/400 MB (ok in editor, bad on fixed memory platform)
[2015.04.03-05.52.40:859][483]LogHMD:Warning: Lost Vision Tracking
[2015.04.03-05.52.44:112][727]LogHMD:Warning: Vision Tracking Acquired
[2015.04.03-05.52.46:045][872]LogHMD:Warning: Lost Vision Tracking
[2015.04.03-05.52.48:418][ 50]LogHMD:Warning: Vision Tracking Acquired
[2015.04.03-05.52.49:098][101]LogHMD:Warning: Lost Vision Tracking
[2015.04.03-05.52.49:405][124]LogHMD:Warning: Vision Tracking Acquired
[2015.04.03-05.52.50:485][205]LogHMD:Warning: Lost Vision Tracking
[2015.04.03-05.52.50:605][214]LogHMD:Warning: Vision Tracking Acquired
[2015.04.03-05.52.50:684][220]LogHMD:Warning: Lost Vision Tracking
[2015.04.03-05.52.50:805][229]LogHMD:Warning: Vision Tracking Acquired
[2015.04.03-05.52.51:018][245]LogHMD:Warning: Lost Vision Tracking
[2015.04.03-05.52.51:138][254]LogHMD:Warning: Vision Tracking Acquired
[2015.04.03-05.52.55:859][608]LogHMD:Warning: Lost Vision Tracking
[2015.04.03-05.52.57:285][714]LogHMD:Warning: Vision Tracking Acquired
[2015.04.03-05.52.57:552][734]LogHMD:Warning: Lost Vision Tracking
[2015.04.03-05.53.18:912][332]LogHMD:Warning: Vision Tracking Acquired
[2015.04.03-05.53.19:192][353]LogHMD:Warning: Lost Vision Tracking
[2015.04.03-05.53.28:206][ 23]LogHMD:Warning: Vision Tracking Acquired
[2015.04.03-05.53.32:978][379]LogHMD:Warning: Lost Vision Tracking
[2015.04.03-05.53.58:125][259]LogHMD:Warning: Vision Tracking Acquired
[2015.04.03-05.54.04:912][768]LogHMD:Warning: Lost Vision Tracking
[2015.04.03-05.54.06:485][886]LogHMD:Warning: Vision Tracking Acq